빌드 시작: 2018-05-10 오후 9:21:51
     1>2 노드의 "C:\Users\NOTE\documents\visual studio 2010\Projects\[CP2]08_201302434\[CP2]08_201302434\[CP2]08_201302434.vcxproj" 프로젝트(build 대상)입니다.
     1>InitializeBuildStatus:
         "AlwaysCreate"이(가) 지정되었기 때문에 "Debug\[CP2]08_201302434.unsuccessfulbuild"을(를) 만들고 있습니다.
       ClCompile:
         c:\Program Files (x86)\Microsoft Visual Studio 10.0\VC\bin\CL.exe /c /ZI /nologo /W3 /WX- /Od /Oy- /D WIN32 /D _DEBUG /D _CONSOLE /D _UNICODE /D UNICODE /Gm /EHsc /RTC1 /MDd /GS /fp:precise /Zc:wchar_t /Zc:forScope /Fo"Debug\\" /Fd"Debug\vc100.pdb" /Gd /TC /analyze- /errorReport:prompt "[CP2]08_201302434.c"
         [CP2]08_201302434.c
     1>c:\users\note\documents\visual studio 2010\projects\[cp2]08_201302434\[cp2]08_201302434\[cp2]08_201302434.c(37): warning C4996: 'scanf': This function or variable may be unsafe. Consider using scanf_s instead. To disable deprecation, use _CRT_SECURE_NO_WARNINGS. See online help for details.
                 c:\program files (x86)\microsoft visual studio 10.0\vc\include\stdio.h(304) : 'scanf' 선언을 참조하십시오.
     1>c:\users\note\documents\visual studio 2010\projects\[cp2]08_201302434\[cp2]08_201302434\[cp2]08_201302434.c(53): warning C4996: 'scanf': This function or variable may be unsafe. Consider using scanf_s instead. To disable deprecation, use _CRT_SECURE_NO_WARNINGS. See online help for details.
                 c:\program files (x86)\microsoft visual studio 10.0\vc\include\stdio.h(304) : 'scanf' 선언을 참조하십시오.
     1>c:\users\note\documents\visual studio 2010\projects\[cp2]08_201302434\[cp2]08_201302434\[cp2]08_201302434.c(56): warning C4996: 'strcpy': This function or variable may be unsafe. Consider using strcpy_s instead. To disable deprecation, use _CRT_SECURE_NO_WARNINGS. See online help for details.
                 c:\program files (x86)\microsoft visual studio 10.0\vc\include\string.h(105) : 'strcpy' 선언을 참조하십시오.
     1>c:\users\note\documents\visual studio 2010\projects\[cp2]08_201302434\[cp2]08_201302434\[cp2]08_201302434.c(58): warning C4996: 'strncpy': This function or variable may be unsafe. Consider using strncpy_s instead. To disable deprecation, use _CRT_SECURE_NO_WARNINGS. See online help for details.
                 c:\program files (x86)\microsoft visual studio 10.0\vc\include\string.h(188) : 'strncpy' 선언을 참조하십시오.
     1>c:\users\note\documents\visual studio 2010\projects\[cp2]08_201302434\[cp2]08_201302434\[cp2]08_201302434.c(60): warning C4996: 'strncat': This function or variable may be unsafe. Consider using strncat_s instead. To disable deprecation, use _CRT_SECURE_NO_WARNINGS. See online help for details.
                 c:\program files (x86)\microsoft visual studio 10.0\vc\include\string.h(175) : 'strncat' 선언을 참조하십시오.
     1>c:\users\note\documents\visual studio 2010\projects\[cp2]08_201302434\[cp2]08_201302434\[cp2]08_201302434.c(77): warning C4996: 'scanf': This function or variable may be unsafe. Consider using scanf_s instead. To disable deprecation, use _CRT_SECURE_NO_WARNINGS. See online help for details.
                 c:\program files (x86)\microsoft visual studio 10.0\vc\include\stdio.h(304) : 'scanf' 선언을 참조하십시오.
     1>c:\users\note\documents\visual studio 2010\projects\[cp2]08_201302434\[cp2]08_201302434\[cp2]08_201302434.c(83): warning C4996: 'scanf': This function or variable may be unsafe. Consider using scanf_s instead. To disable deprecation, use _CRT_SECURE_NO_WARNINGS. See online help for details.
                 c:\program files (x86)\microsoft visual studio 10.0\vc\include\stdio.h(304) : 'scanf' 선언을 참조하십시오.
     1>c:\users\note\documents\visual studio 2010\projects\[cp2]08_201302434\[cp2]08_201302434\[cp2]08_201302434.c(120): warning C4996: 'scanf': This function or variable may be unsafe. Consider using scanf_s instead. To disable deprecation, use _CRT_SECURE_NO_WARNINGS. See online help for details.
                 c:\program files (x86)\microsoft visual studio 10.0\vc\include\stdio.h(304) : 'scanf' 선언을 참조하십시오.
     1>c:\users\note\documents\visual studio 2010\projects\[cp2]08_201302434\[cp2]08_201302434\[cp2]08_201302434.c(136): warning C4996: 'strcpy': This function or variable may be unsafe. Consider using strcpy_s instead. To disable deprecation, use _CRT_SECURE_NO_WARNINGS. See online help for details.
                 c:\program files (x86)\microsoft visual studio 10.0\vc\include\string.h(105) : 'strcpy' 선언을 참조하십시오.
     1>c:\users\note\documents\visual studio 2010\projects\[cp2]08_201302434\[cp2]08_201302434\[cp2]08_201302434.c(159): warning C4101: 'a' :참조되지 않은 지역 변수입니다.
     1>c:\users\note\documents\visual studio 2010\projects\[cp2]08_201302434\[cp2]08_201302434\[cp2]08_201302434.c(209): warning C4996: 'scanf': This function or variable may be unsafe. Consider using scanf_s instead. To disable deprecation, use _CRT_SECURE_NO_WARNINGS. See online help for details.
                 c:\program files (x86)\microsoft visual studio 10.0\vc\include\stdio.h(304) : 'scanf' 선언을 참조하십시오.
     1>c:\users\note\documents\visual studio 2010\projects\[cp2]08_201302434\[cp2]08_201302434\[cp2]08_201302434.c(242): warning C4101: 'a' :참조되지 않은 지역 변수입니다.
     1>c:\users\note\documents\visual studio 2010\projects\[cp2]08_201302434\[cp2]08_201302434\[cp2]08_201302434.c(378): warning C4996: 'scanf': This function or variable may be unsafe. Consider using scanf_s instead. To disable deprecation, use _CRT_SECURE_NO_WARNINGS. See online help for details.
                 c:\program files (x86)\microsoft visual studio 10.0\vc\include\stdio.h(304) : 'scanf' 선언을 참조하십시오.
     1>c:\users\note\documents\visual studio 2010\projects\[cp2]08_201302434\[cp2]08_201302434\[cp2]08_201302434.c(238): warning C4716: 'checkLottoNumber' : 값을 반환해야 합니다.
       ManifestResourceCompile:
         모든 출력이 최신 상태입니다.
       Link:
         c:\Program Files (x86)\Microsoft Visual Studio 10.0\VC\bin\link.exe /ERRORREPORT:PROMPT /OUT:"C:\Users\NOTE\documents\visual studio 2010\Projects\[CP2]08_201302434\Debug\[CP2]08_201302434.exe" /INCREMENTAL /NOLOGO kernel32.lib user32.lib gdi32.lib winspool.lib comdlg32.lib advapi32.lib shell32.lib ole32.lib oleaut32.lib uuid.lib odbc32.lib odbccp32.lib /MANIFEST /ManifestFile:"Debug\[CP2]08_201302434.exe.intermediate.manifest" /MANIFESTUAC:"level='asInvoker' uiAccess='false'" /DEBUG /PDB:"C:\Users\NOTE\documents\visual studio 2010\Projects\[CP2]08_201302434\Debug\[CP2]08_201302434.pdb" /SUBSYSTEM:CONSOLE /TLBID:1 /DYNAMICBASE /NXCOMPAT /IMPLIB:"C:\Users\NOTE\documents\visual studio 2010\Projects\[CP2]08_201302434\Debug\[CP2]08_201302434.lib" /MACHINE:X86 "Debug\[CP2]08_201302434.exe.embed.manifest.res"
         "Debug\[CP2]08_201302434.obj"
       Manifest:
         c:\Program Files (x86)\Microsoft SDKs\Windows\v7.0A\bin\mt.exe /nologo /verbose /out:"Debug\[CP2]08_201302434.exe.embed.manifest" /manifest "Debug\[CP2]08_201302434.exe.intermediate.manifest"
         모든 출력이 최신 상태입니다.
       LinkEmbedManifest:
         모든 출력이 최신 상태입니다.
         [CP2]08_201302434.vcxproj -> C:\Users\NOTE\documents\visual studio 2010\Projects\[CP2]08_201302434\Debug\[CP2]08_201302434.exe
       FinalizeBuildStatus:
         "Debug\[CP2]08_201302434.unsuccessfulbuild" 파일을 삭제하고 있습니다.
         "Debug\[CP2]08_201302434.lastbuildstate"에 연결(touching)하고 있습니다.
     1>"C:\Users\NOTE\documents\visual studio 2010\Projects\[CP2]08_201302434\[CP2]08_201302434\[CP2]08_201302434.vcxproj" 프로젝트를 빌드했습니다(build 대상).

빌드했습니다.

경과 시간: 00:00:01.83
